INFO     [2021-06-07 17:31:13,973] Пользователь: SASKEEEEE None id: 1020112009 Открыл панель администратора
INFO     [2021-06-07 17:31:15,657] id: 1020112009 Открыл меню отправки текста всем пользователям
INFO     [2021-06-07 17:31:26,181] id: 1020112009 Ввел данные для отправки текста
INFO     [2021-06-07 17:31:30,593] id: 1020112009 Отправил текст всем участникам
INFO     [2021-06-07 17:31:41,085] Пользователь: SASKEEEEE None id: 1020112009 Открыл панель администратора
INFO     [2021-06-07 17:31:42,397] id: 1020112009 Открыл меню отправки Текста с изображением
INFO     [2021-06-07 17:31:52,041] Пользователь: SASKEEEEE None id: 1020112009 ввел ссылку на изображение
INFO     [2021-06-07 17:31:54,223] id: 1020112009 ввел текст (с изображением)
INFO     [2021-06-07 17:31:56,316] Пользователь: ГК БиП None id: 1020112009 Отправил избражение с текстом всем участникам
INFO     [2021-06-07 17:31:58,087] Пользователь: SASKEEEEE None id: 1020112009 Открыл панель администратора
INFO     [2021-06-07 17:31:59,190] id: 1020112009 Открыл меню загрузки Excel Файла
INFO     [2021-06-07 17:32:14,418] Пользователь: SASKEEEEE None id: 1020112009 Открыл панель администратора
INFO     [2021-06-07 17:32:23,163] id: 1020112009 Открыл меню загрузки Excel Файла
INFO     [2021-06-07 17:32:53,558] id: 1020112009 обновил Excel Файл
INFO     [2021-06-07 17:32:53,747] Пользователь: SASKEEEEE None id: 1020112009 Открыл панель администратора
INFO     [2021-06-07 19:18:49,600] Пользователь: HLEB None id: 336462911 Открыл панель администратора
INFO     [2021-06-07 19:19:43,778] Пользователь: SASKEEEEE None id: 1020112009 Открыл панель администратора
INFO     [2021-06-07 19:19:45,628] id: 1020112009 Открыл меню отправки текста всем пользователям
INFO     [2021-06-07 19:19:48,281] id: 1020112009 Ввел данные для отправки текста
INFO     [2021-06-07 19:19:50,687] id: 1020112009 Отправил текст всем участникам
INFO     [2021-06-07 19:22:03,718] Пользователь: SASKEEEEE None id: 1020112009 Открыл панель администратора
INFO     [2021-06-07 19:22:05,602] id: 1020112009 Открыл меню отправки текста всем пользователям
INFO     [2021-06-07 19:22:12,151] id: 1020112009 Ввел данные для отправки текста
INFO     [2021-06-07 19:22:14,019] id: 1020112009 Отправил текст всем участникам
INFO     [2021-06-07 19:29:58,850] Пользователь: SASKEEEEE None id: 1020112009 Открыл панель администратора
INFO     [2021-06-07 19:30:07,643] id: 1020112009 Открыл меню отправки текста всем пользователям
INFO     [2021-06-07 19:30:10,969] id: 1020112009 Ввел данные для отправки текста
INFO     [2021-06-07 19:30:14,586] id: 1020112009 Отправил текст всем участникам
INFO     [2021-06-07 19:36:40,330] Пользователь: SASKEEEEE None id: 1020112009 Открыл панель администратора
INFO     [2021-06-07 19:36:41,534] id: 1020112009 Открыл меню отправки текста всем пользователям
INFO     [2021-06-07 19:36:43,264] id: 1020112009 Ввел данные для отправки текста
INFO     [2021-06-07 19:36:45,054] id: 1020112009 Отправил текст всем участникам
INFO     [2021-06-07 19:37:18,608] Пользователь: SASKEEEEE None id: 1020112009 Открыл панель администратора
INFO     [2021-06-07 19:37:19,795] id: 1020112009 Открыл меню отправки текста всем пользователям
INFO     [2021-06-07 19:37:21,620] id: 1020112009 Ввел данные для отправки текста
INFO     [2021-06-07 19:37:23,032] id: 1020112009 Отправил текст всем участникам
INFO     [2021-06-07 19:38:19,012] Пользователь: SASKEEEEE None id: 1020112009 Открыл панель администратора
INFO     [2021-06-07 19:38:20,317] id: 1020112009 Открыл меню отправки текста всем пользователям
INFO     [2021-06-07 19:38:22,088] id: 1020112009 Ввел данные для отправки текста
INFO     [2021-06-07 19:38:23,679] id: 1020112009 Отправил текст всем участникам
INFO     [2021-06-07 19:39:52,761] Пользователь: SASKEEEEE None id: 1020112009 Открыл панель администратора
INFO     [2021-06-07 19:39:54,259] id: 1020112009 Открыл меню отправки текста всем пользователям
INFO     [2021-06-07 19:39:56,011] id: 1020112009 Ввел данные для отправки текста
INFO     [2021-06-07 19:39:57,484] id: 1020112009 Отправил текст всем участникам
INFO     [2021-06-07 19:42:47,335] Пользователь: SASKEEEEE None id: 1020112009 Открыл панель администратора
INFO     [2021-06-07 19:42:48,563] id: 1020112009 Открыл меню отправки текста всем пользователям
INFO     [2021-06-07 19:42:50,703] id: 1020112009 Ввел данные для отправки текста
INFO     [2021-06-07 19:42:52,143] id: 1020112009 Отправил текст всем участникам
INFO     [2021-06-07 19:44:46,249] Пользователь: SASKEEEEE None id: 1020112009 Открыл панель администратора
INFO     [2021-06-07 19:44:47,301] id: 1020112009 Открыл меню отправки текста всем пользователям
INFO     [2021-06-07 19:44:48,438] id: 1020112009 Ввел данные для отправки текста
INFO     [2021-06-07 19:44:50,064] id: 1020112009 Отправил текст всем участникам
INFO     [2021-06-07 19:45:18,583] Пользователь: SASKEEEEE None id: 1020112009 Открыл панель администратора
INFO     [2021-06-07 19:45:19,616] id: 1020112009 Открыл меню отправки текста всем пользователям
INFO     [2021-06-07 19:45:20,895] id: 1020112009 Ввел данные для отправки текста
INFO     [2021-06-07 19:45:23,401] id: 1020112009 Отправил текст всем участникам
INFO     [2021-06-07 19:46:18,228] Пользователь: SASKEEEEE None id: 1020112009 Открыл панель администратора
INFO     [2021-06-07 19:46:19,343] id: 1020112009 Открыл меню отправки текста всем пользователям
INFO     [2021-06-07 19:46:20,695] id: 1020112009 Ввел данные для отправки текста
INFO     [2021-06-07 19:46:23,519] id: 1020112009 Отправил текст всем участникам
INFO     [2021-06-07 19:47:39,197] Пользователь: SASKEEEEE None id: 1020112009 Открыл панель администратора
INFO     [2021-06-07 19:47:40,197] id: 1020112009 Открыл меню отправки текста всем пользователям
INFO     [2021-06-07 19:47:41,795] id: 1020112009 Ввел данные для отправки текста
INFO     [2021-06-07 19:47:43,112] id: 1020112009 Отправил текст всем участникам
INFO     [2021-06-07 19:49:30,104] Пользователь: SASKEEEEE None id: 1020112009 Открыл панель администратора
INFO     [2021-06-07 19:49:31,154] id: 1020112009 Открыл меню отправки текста всем пользователям
INFO     [2021-06-07 19:49:33,612] id: 1020112009 Ввел данные для отправки текста
INFO     [2021-06-07 19:49:34,721] id: 1020112009 Отправил текст всем участникам
INFO     [2021-06-07 19:50:56,912] Пользователь: SASKEEEEE None id: 1020112009 Открыл панель администратора
INFO     [2021-06-07 19:50:58,221] id: 1020112009 Открыл меню отправки текста всем пользователям
INFO     [2021-06-07 19:51:01,462] id: 1020112009 Ввел данные для отправки текста
INFO     [2021-06-07 19:51:02,567] id: 1020112009 Отправил текст всем участникам
INFO     [2021-06-07 19:52:15,529] Пользователь: SASKEEEEE None id: 1020112009 Открыл панель администратора
INFO     [2021-06-07 19:52:17,231] id: 1020112009 Открыл меню отправки текста всем пользователям
INFO     [2021-06-07 19:52:22,719] id: 1020112009 Ввел данные для отправки текста
INFO     [2021-06-07 19:52:24,002] id: 1020112009 Отправил текст всем участникам
INFO     [2021-06-07 19:52:54,574] Пользователь: SASKEEEEE None id: 1020112009 Открыл панель администратора
INFO     [2021-06-07 19:52:55,697] id: 1020112009 Открыл меню отправки текста всем пользователям
INFO     [2021-06-07 19:52:58,723] id: 1020112009 Ввел данные для отправки текста
INFO     [2021-06-07 19:53:00,494] id: 1020112009 Отправил текст всем участникам
INFO     [2021-06-07 19:55:39,603] Пользователь: SASKEEEEE None id: 1020112009 Открыл панель администратора
INFO     [2021-06-07 19:55:40,768] id: 1020112009 Открыл меню отправки текста всем пользователям
INFO     [2021-06-07 19:55:43,178] id: 1020112009 Ввел данные для отправки текста
INFO     [2021-06-07 19:55:45,733] id: 1020112009 Отправил текст всем участникам
INFO     [2021-06-07 19:57:32,337] Пользователь: SASKEEEEE None id: 1020112009 Открыл панель администратора
INFO     [2021-06-07 19:57:33,864] id: 1020112009 Открыл меню отправки текста всем пользователям
INFO     [2021-06-07 19:57:36,700] id: 1020112009 Ввел данные для отправки текста
INFO     [2021-06-07 19:58:33,751] Пользователь: SASKEEEEE None id: 1020112009 Открыл панель администратора
INFO     [2021-06-07 19:58:35,597] id: 1020112009 Открыл меню отправки текста всем пользователям
INFO     [2021-06-07 19:58:37,603] id: 1020112009 Ввел данные для отправки текста
INFO     [2021-06-07 19:58:38,880] id: 1020112009 Отправил текст всем участникам
INFO     [2021-06-07 19:59:21,205] Пользователь: SASKEEEEE None id: 1020112009 Открыл панель администратора
INFO     [2021-06-07 19:59:22,424] id: 1020112009 Открыл меню отправки текста всем пользователям
INFO     [2021-06-07 19:59:24,029] id: 1020112009 Ввел данные для отправки текста
INFO     [2021-06-07 19:59:25,344] id: 1020112009 Отправил текст всем участникам
INFO     [2021-06-07 19:59:56,220] Пользователь: SASKEEEEE None id: 1020112009 Открыл панель администратора
INFO     [2021-06-07 19:59:57,479] id: 1020112009 Открыл меню отправки текста всем пользователям
INFO     [2021-06-07 19:59:59,337] id: 1020112009 Ввел данные для отправки текста
INFO     [2021-06-07 20:00:00,370] id: 1020112009 Ошибка на отправке текста
INFO     [2021-06-07 20:00:07,160] id: 1020112009 Ошибка на отправке текста
INFO     [2021-06-07 20:01:49,292] Пользователь: SASKEEEEE None id: 1020112009 Открыл панель администратора
INFO     [2021-06-07 20:01:50,401] id: 1020112009 Открыл меню отправки текста всем пользователям
INFO     [2021-06-07 20:01:52,016] id: 1020112009 Ввел данные для отправки текста
INFO     [2021-06-07 20:01:53,446] id: 1020112009 Отправил текст всем участникам
INFO     [2021-06-07 20:02:23,868] Пользователь: SASKEEEEE None id: 1020112009 Открыл панель администратора
INFO     [2021-06-07 20:02:24,836] id: 1020112009 Открыл меню отправки текста всем пользователям
INFO     [2021-06-07 20:02:26,783] id: 1020112009 Ввел данные для отправки текста
INFO     [2021-06-07 20:02:27,942] id: 1020112009 Отправил текст всем участникам
INFO     [2021-06-07 20:03:42,321] Пользователь: SASKEEEEE None id: 1020112009 Открыл панель администратора
INFO     [2021-06-07 20:03:43,756] id: 1020112009 Открыл меню отправки текста всем пользователям
INFO     [2021-06-07 20:03:44,963] id: 1020112009 Ввел данные для отправки текста
INFO     [2021-06-07 20:03:46,190] id: 1020112009 Отправил текст всем участникам
INFO     [2021-06-07 20:04:05,874] Пользователь: SASKEEEEE None id: 1020112009 Открыл панель администратора
INFO     [2021-06-07 20:04:07,085] id: 1020112009 Открыл меню отправки текста всем пользователям
INFO     [2021-06-07 20:04:09,328] id: 1020112009 Ввел данные для отправки текста
INFO     [2021-06-07 20:04:10,796] id: 1020112009 Отправил текст всем участникам
INFO     [2021-06-07 20:04:20,116] Пользователь: SASKEEEEE None id: 1020112009 Открыл панель администратора
INFO     [2021-06-07 20:04:21,662] id: 1020112009 Открыл меню отправки Текста с изображением
INFO     [2021-06-07 20:04:43,540] Пользователь: SASKEEEEE None id: 1020112009 ввел ссылку на изображение
INFO     [2021-06-07 20:04:47,236] id: 1020112009 ввел текст (с изображением)
INFO     [2021-06-07 20:04:48,699] Пользователь: ГК БиП None id: 1020112009 Отправил избражение с текстом всем участникам
INFO     [2021-06-07 20:05:14,801] Пользователь: SASKEEEEE None id: 1020112009 Открыл панель администратора
INFO     [2021-06-07 20:05:17,171] id: 1020112009 Открыл меню отправки Текста с изображением
INFO     [2021-06-07 20:05:28,379] Пользователь: SASKEEEEE None id: 1020112009 ввел ссылку на изображение
INFO     [2021-06-07 20:06:43,699] Пользователь: SASKEEEEE None id: 1020112009 Открыл панель администратора
INFO     [2021-06-07 20:06:45,477] id: 1020112009 Открыл меню отправки текста всем пользователям
INFO     [2021-06-07 20:07:05,442] id: 1020112009 Ввел данные для отправки текста
INFO     [2021-06-07 20:07:08,819] id: 1020112009 Открыл меню отправки Текста с изображением
INFO     [2021-06-07 20:07:10,580] Пользователь: SASKEEEEE None id: 1020112009 ввел неверную ссылку на изображение
INFO     [2021-06-07 20:07:10,580] Пользователь: SASKEEEEE None id: 1020112009 Открыл панель администратора
INFO     [2021-06-07 20:07:14,158] id: 1020112009 Открыл меню отправки Текста с изображением
INFO     [2021-06-07 20:07:18,987] Пользователь: SASKEEEEE None id: 1020112009 ввел ссылку на изображение
INFO     [2021-06-07 20:08:40,615] Пользователь: SASKEEEEE None id: 1020112009 Открыл панель администратора
INFO     [2021-06-07 20:08:42,385] id: 1020112009 Открыл меню отправки Текста с изображением
INFO     [2021-06-07 20:08:47,054] Пользователь: SASKEEEEE None id: 1020112009 ввел ссылку на изображение
ERROR    [2021-06-07 20:08:49,424] A request to the Telegram API was unsuccessful. Error code: 400. Description: Bad Request: message can't be edited
INFO     [2021-06-07 20:09:31,550] Пользователь: SASKEEEEE None id: 1020112009 Открыл панель администратора
INFO     [2021-06-07 20:09:32,753] id: 1020112009 Открыл меню отправки Текста с изображением
INFO     [2021-06-07 20:09:33,996] Пользователь: SASKEEEEE None id: 1020112009 ввел ссылку на изображение
INFO     [2021-06-07 20:10:04,152] Пользователь: SASKEEEEE None id: 1020112009 Открыл панель администратора
INFO     [2021-06-07 20:10:05,903] id: 1020112009 Открыл меню отправки Текста с изображением
INFO     [2021-06-07 20:10:07,398] Пользователь: SASKEEEEE None id: 1020112009 ввел неверную ссылку на изображение
INFO     [2021-06-07 20:10:07,398] Пользователь: SASKEEEEE None id: 1020112009 Открыл панель администратора
INFO     [2021-06-07 20:10:09,334] id: 1020112009 Открыл меню отправки Текста с изображением
INFO     [2021-06-07 20:10:11,104] Пользователь: SASKEEEEE None id: 1020112009 ввел неверную ссылку на изображение
INFO     [2021-06-07 20:10:11,104] Пользователь: SASKEEEEE None id: 1020112009 Открыл панель администратора
INFO     [2021-06-07 20:10:14,985] id: 1020112009 Открыл меню отправки Текста с изображением
INFO     [2021-06-07 20:10:16,596] Пользователь: SASKEEEEE None id: 1020112009 ввел ссылку на изображение
INFO     [2021-06-07 20:12:02,243] Пользователь: SASKEEEEE None id: 1020112009 Открыл панель администратора
INFO     [2021-06-07 20:12:03,638] id: 1020112009 Открыл меню отправки текста всем пользователям
INFO     [2021-06-07 20:12:05,511] id: 1020112009 Ввел данные для отправки текста
INFO     [2021-06-07 20:12:06,966] id: 1020112009 Отправил текст всем участникам
INFO     [2021-06-07 20:13:36,261] Пользователь: SASKEEEEE None id: 1020112009 Открыл панель администратора
INFO     [2021-06-07 20:13:37,490] id: 1020112009 Открыл меню отправки Текста с изображением
INFO     [2021-06-07 20:13:42,137] Пользователь: SASKEEEEE None id: 1020112009 ввел ссылку на изображение
INFO     [2021-06-07 20:13:59,326] Пользователь: SASKEEEEE None id: 1020112009 Открыл панель администратора
INFO     [2021-06-07 20:14:00,447] id: 1020112009 Открыл меню отправки Текста с изображением
INFO     [2021-06-07 20:14:01,920] Пользователь: SASKEEEEE None id: 1020112009 ввел ссылку на изображение
INFO     [2021-06-07 20:14:19,249] Пользователь: SASKEEEEE None id: 1020112009 Открыл панель администратора
INFO     [2021-06-07 20:14:20,641] id: 1020112009 Открыл меню отправки Текста с изображением
INFO     [2021-06-07 20:14:21,915] Пользователь: SASKEEEEE None id: 1020112009 ввел ссылку на изображение
INFO     [2021-06-08 10:33:26,746] Пользователь: SASKEEEEE None id: 1020112009 Открыл панель администратора
INFO     [2021-06-08 10:33:28,722] id: 1020112009 Открыл меню отправки текста всем пользователям
INFO     [2021-06-08 10:33:31,489] id: 1020112009 Ввел данные для отправки текста
INFO     [2021-06-08 10:33:33,285] id: 1020112009 Отправил текст всем участникам
INFO     [2021-06-08 10:33:54,226] Пользователь: SASKEEEEE None id: 1020112009 Открыл панель администратора
INFO     [2021-06-08 10:33:56,719] id: 1020112009 Открыл меню отправки Текста с изображением
INFO     [2021-06-08 10:34:13,838] Пользователь: SASKEEEEE None id: 1020112009 ввел неверную ссылку на изображение
INFO     [2021-06-08 10:34:13,838] Пользователь: SASKEEEEE None id: 1020112009 Открыл панель администратора
INFO     [2021-06-08 10:34:16,424] id: 1020112009 Открыл меню отправки Текста с изображением
INFO     [2021-06-08 10:34:17,926] Пользователь: SASKEEEEE None id: 1020112009 ввел ссылку на изображение
INFO     [2021-06-08 10:34:19,823] id: 1020112009 ввел текст (с изображением)
INFO     [2021-06-08 10:34:23,751] Пользователь: Гродненский колледж Бизнеса и Права None id: 1020112009 Отправил избражение с текстом всем участникам
INFO     [2021-06-08 10:34:27,135] Пользователь: SASKEEEEE None id: 1020112009 Открыл панель администратора
INFO     [2021-06-08 10:34:28,314] id: 1020112009 Открыл меню загрузки Excel Файла
INFO     [2021-06-08 10:34:55,553] Пользователь: SASKEEEEE None id: 1020112009 Открыл панель администратора
INFO     [2021-06-08 10:34:57,872] id: 1020112009 Открыл меню загрузки Excel Файла
INFO     [2021-06-08 10:35:12,258] id: 1020112009 Неудалось загрузить файл (Неверный формат / Не Excel файл)
INFO     [2021-06-08 10:35:12,408] Пользователь: SASKEEEEE None id: 1020112009 Открыл панель администратора
INFO     [2021-06-08 10:35:16,296] id: 1020112009 Открыл меню загрузки Excel Файла
INFO     [2021-06-08 10:35:27,946] id: 1020112009 обновил Excel Файл
INFO     [2021-06-08 10:35:28,157] Пользователь: SASKEEEEE None id: 1020112009 Открыл панель администратора
INFO     [2021-06-08 10:36:59,085] id: 1020112009 Открыл меню загрузки Excel Файла
INFO     [2021-06-08 10:37:07,731] Пользователь: SASKEEEEE None id: 1020112009 Открыл панель администратора
INFO     [2021-06-08 10:38:13,325] Пользователь: Евгений Беляй id: 891282680 Открыл панель администратора
ERROR    [2021-06-08 16:38:47,959] A request to the Telegram API was unsuccessful. Error code: 400. Description: Bad Request: can't parse inline keyboard button: Field "text" must be of type String
ERROR    [2021-06-08 16:39:27,142] A request to the Telegram API was unsuccessful. Error code: 400. Description: Bad Request: can't parse inline keyboard button: Field "text" must be of type String
ERROR    [2021-06-08 16:39:38,432] A request to the Telegram API was unsuccessful. Error code: 400. Description: Bad Request: can't parse inline keyboard button: Field "text" must be of type String
INFO     [2021-06-08 21:04:04,056] Пользователь: SASKEEEEE None id: 1020112009 Открыл панель администратора
INFO     [2021-06-08 21:04:08,029] id: 1020112009 Открыл меню отправки текста всем пользователям
INFO     [2021-06-08 21:04:10,694] id: 1020112009 Ввел данные для отправки текста
INFO     [2021-06-08 21:04:16,674] Пользователь: SASKEEEEE None id: 1020112009 Открыл панель администратора
INFO     [2021-06-08 21:04:18,003] id: 1020112009 Открыл меню отправки Текста с изображением
INFO     [2021-06-08 21:04:20,247] Пользователь: SASKEEEEE None id: 1020112009 ввел неверную ссылку на изображение
INFO     [2021-06-08 21:04:20,248] Пользователь: SASKEEEEE None id: 1020112009 Открыл панель администратора
INFO     [2021-06-08 23:22:48,796] Пользователь: SASKEEEEE None id: 1020112009 Открыл панель администратора
INFO     [2021-06-08 23:23:37,948] id: 1020112009 Открыл меню отправки текста всем пользователям
INFO     [2021-06-08 23:23:44,771] id: 1020112009 Ввел данные для отправки текста
INFO     [2021-06-08 23:24:08,624] id: 1020112009 Отправил текст всем участникам
INFO     [2021-06-08 23:24:19,015] Пользователь: SASKEEEEE None id: 1020112009 Открыл панель администратора
INFO     [2021-06-08 23:24:20,811] id: 1020112009 Открыл меню отправки текста всем пользователям
INFO     [2021-06-08 23:24:23,360] id: 1020112009 Ввел данные для отправки текста
INFO     [2021-06-08 23:25:28,020] Пользователь: SASKEEEEE None id: 1020112009 Открыл панель администратора
INFO     [2021-06-08 23:25:29,257] id: 1020112009 Открыл меню отправки Текста с изображением
INFO     [2021-06-08 23:25:49,223] Пользователь: SASKEEEEE None id: 1020112009 ввел ссылку на изображение
INFO     [2021-06-08 23:25:53,515] id: 1020112009 ввел текст (с изображением)
INFO     [2021-06-08 23:27:50,177] Пользователь: Гродненский колледж Бизнеса и Права None id: 1020112009 Отправил избражение с текстом всем участникам
INFO     [2021-06-08 23:28:14,401] Пользователь: SASKEEEEE None id: 1020112009 Открыл панель администратора
INFO     [2021-06-08 23:28:15,637] id: 1020112009 Открыл меню отправки Текста с изображением
INFO     [2021-06-08 23:28:19,372] Пользователь: SASKEEEEE None id: 1020112009 ввел неверную ссылку на изображение
INFO     [2021-06-08 23:28:19,372] Пользователь: SASKEEEEE None id: 1020112009 Открыл панель администратора
INFO     [2021-06-08 23:28:36,845] id: 1020112009 Открыл меню загрузки Excel Файла
INFO     [2021-06-08 23:28:59,798] id: 1020112009 обновил Excel Файл
INFO     [2021-06-08 23:28:59,977] Пользователь: SASKEEEEE None id: 1020112009 Открыл панель администратора
INFO     [2021-06-08 23:29:27,999] id: 1020112009 Открыл меню загрузки Excel Файла
INFO     [2021-06-08 23:29:39,068] id: 1020112009 Неудалось загрузить файл (Неверный формат / Не Excel файл)
INFO     [2021-06-08 23:29:39,240] Пользователь: SASKEEEEE None id: 1020112009 Открыл панель администратора
INFO     [2021-06-09 20:42:38,522] Пользователь: SASKEEEEE None id: 1020112009 Открыл панель администратора
INFO     [2021-06-09 20:44:05,059] id: 1020112009 Открыл меню отправки текста всем пользователям
INFO     [2021-06-09 20:44:14,803] id: 1020112009 Ввел данные для отправки текста
INFO     [2021-06-09 20:44:18,522] id: 1020112009 Открыл меню отправки Текста с изображением
INFO     [2021-06-09 20:44:33,476] Пользователь: SASKEEEEE None id: 1020112009 ввел неверную ссылку на изображение
INFO     [2021-06-09 20:44:33,476] Пользователь: SASKEEEEE None id: 1020112009 Открыл панель администратора
INFO     [2021-06-09 20:44:35,461] id: 1020112009 Открыл меню загрузки Excel Файла
INFO     [2021-06-09 20:45:03,985] Пользователь: SASKEEEEE None id: 1020112009 Открыл панель администратора
INFO     [2021-06-09 21:09:11,435] Пользователь: HLEB None id: 336462911 Открыл панель администратора
INFO     [2021-06-09 21:09:14,301] id: 336462911 Открыл меню отправки текста всем пользователям
INFO     [2021-06-09 21:09:22,738] id: 336462911 Ввел данные для отправки текста
INFO     [2021-06-09 21:10:01,271] Пользователь: HLEB None id: 336462911 Открыл панель администратора
INFO     [2021-06-09 21:10:39,602] id: 336462911 Открыл меню отправки Текста с изображением
INFO     [2021-06-09 21:10:42,429] Пользователь: HLEB None id: 336462911 ввел неверную ссылку на изображение
INFO     [2021-06-09 21:10:42,429] Пользователь: HLEB None id: 336462911 Открыл панель администратора
INFO     [2021-06-09 21:10:52,610] id: 336462911 Открыл меню отправки Текста с изображением
INFO     [2021-06-09 21:10:56,595] Пользователь: HLEB None id: 336462911 ввел ссылку на изображение
INFO     [2021-06-09 21:11:07,350] Пользователь: HLEB None id: 336462911 Открыл панель администратора
INFO     [2021-06-09 21:11:08,783] id: 336462911 Открыл меню отправки Текста с изображением
INFO     [2021-06-09 21:11:23,760] Пользователь: HLEB None id: 336462911 ввел ссылку на изображение
INFO     [2021-06-09 21:11:24,966] id: 336462911 ввел текст (с изображением)
INFO     [2021-06-09 21:11:46,977] Пользователь: HLEB None id: 336462911 Открыл панель администратора
INFO     [2021-06-09 21:11:48,513] id: 336462911 Открыл меню отправки Текста с изображением
INFO     [2021-06-09 21:12:30,009] Пользователь: HLEB None id: 336462911 ввел неверную ссылку на изображение
INFO     [2021-06-09 21:12:30,009] Пользователь: HLEB None id: 336462911 Открыл панель администратора
INFO     [2021-06-09 21:12:30,906] Пользователь: HLEB None id: 336462911 Открыл панель администратора
INFO     [2021-06-09 21:12:32,032] id: 336462911 Открыл меню загрузки Excel Файла
INFO     [2021-06-09 21:12:38,104] Пользователь: HLEB None id: 336462911 Открыл панель администратора
INFO     [2021-06-09 21:12:40,531] id: 336462911 Открыл меню загрузки Excel Файла
INFO     [2021-06-09 21:15:00,028] Пользователь: HLEB None id: 336462911 Открыл панель администратора
INFO     [2021-06-09 21:15:01,452] id: 336462911 Открыл меню отправки текста всем пользователям
INFO     [2021-06-09 21:15:41,979] id: 336462911 Ввел данные для отправки текста
INFO     [2021-06-09 21:15:47,305] id: 336462911 Открыл меню отправки Текста с изображением
INFO     [2021-06-09 21:18:31,932] Пользователь: HLEB None id: 336462911 ввел неверную ссылку на изображение
INFO     [2021-06-09 21:18:31,932] Пользователь: HLEB None id: 336462911 Открыл панель администратора
INFO     [2021-06-09 21:19:14,175] Пользователь: HLEB None id: 336462911 Открыл панель администратора
INFO     [2021-06-09 21:19:17,554] id: 336462911 Открыл меню отправки текста всем пользователям
INFO     [2021-06-09 21:19:21,326] id: 336462911 Ввел данные для отправки текста
INFO     [2021-06-09 21:19:24,518] Пользователь: HLEB None id: 336462911 Открыл панель администратора
INFO     [2021-06-09 21:19:25,747] id: 336462911 Открыл меню отправки Текста с изображением
INFO     [2021-06-09 21:19:35,801] Пользователь: HLEB None id: 336462911 ввел неверную ссылку на изображение
INFO     [2021-06-09 21:19:35,801] Пользователь: HLEB None id: 336462911 Открыл панель администратора
INFO     [2021-06-09 21:19:37,317] id: 336462911 Открыл меню загрузки Excel Файла
INFO     [2021-06-10 11:48:40,855] Пользователь: Евгений Беляй id: 891282680 Открыл панель администратора
INFO     [2021-06-10 11:51:10,868] Пользователь: Евгений Беляй id: 891282680 Открыл панель администратора
INFO     [2021-06-10 11:51:12,812] id: 891282680 Открыл меню отправки текста всем пользователям
INFO     [2021-06-10 11:51:18,375] id: 891282680 Ввел данные для отправки текста
INFO     [2021-06-10 11:55:26,430] Пользователь: Евгений Беляй id: 891282680 Открыл панель администратора
INFO     [2021-06-10 11:55:26,431] Пользователь: Евгений Беляй id: 891282680 Открыл панель администратора
INFO     [2021-06-10 11:55:27,388] id: 891282680 Открыл меню отправки Текста с изображением
INFO     [2021-06-10 11:55:55,925] Пользователь: Евгений Беляй id: 891282680 ввел неверную ссылку на изображение
INFO     [2021-06-10 11:55:55,925] Пользователь: Евгений Беляй id: 891282680 Открыл панель администратора
INFO     [2021-06-10 11:55:57,473] id: 891282680 Открыл меню отправки Текста с изображением
INFO     [2021-06-10 11:56:13,675] Пользователь: Евгений Беляй id: 891282680 ввел неверную ссылку на изображение
INFO     [2021-06-10 11:56:13,675] Пользователь: Евгений Беляй id: 891282680 Открыл панель администратора
INFO     [2021-06-10 12:31:47,565] Пользователь: HLEB None id: 336462911 Открыл панель администратора
INFO     [2021-06-10 12:31:49,781] id: 336462911 Открыл меню отправки текста всем пользователям
INFO     [2021-06-10 12:31:51,710] id: 336462911 Ввел данные для отправки текста
INFO     [2021-06-10 12:31:55,596] id: 336462911 Отправил текст всем участникам
INFO     [2021-06-10 12:32:03,314] Пользователь: SASKEEEEE None id: 1020112009 Открыл панель администратора
INFO     [2021-06-10 12:32:07,532] id: 1020112009 Открыл меню отправки Текста с изображением
INFO     [2021-06-10 12:32:50,002] Пользователь: SASKEEEEE None id: 1020112009 ввел ссылку на изображение
INFO     [2021-06-10 12:32:57,672] id: 1020112009 ввел текст (с изображением)
INFO     [2021-06-10 12:33:02,687] Пользователь: Гродненский колледж Бизнеса и Права None id: 1020112009 Отправил избражение с текстом всем участникам
INFO     [2021-06-10 12:33:19,432] Пользователь: HLEB None id: 336462911 Открыл панель администратора
INFO     [2021-06-10 12:33:21,989] id: 336462911 Открыл меню загрузки Excel Файла
INFO     [2021-06-10 12:34:03,084] Пользователь: HLEB None id: 336462911 Открыл панель администратора
INFO     [2021-06-10 12:34:05,719] id: 336462911 Открыл меню загрузки Excel Файла
INFO     [2021-06-10 12:34:11,582] id: 336462911 Неудалось загрузить файл (Неверный формат / Не Excel файл)
INFO     [2021-06-10 12:34:11,924] Пользователь: HLEB None id: 336462911 Открыл панель администратора
INFO     [2021-06-10 12:34:15,418] id: 336462911 Открыл меню загрузки Excel Файла
INFO     [2021-06-10 12:34:25,699] id: 336462911 обновил Excel Файл
INFO     [2021-06-10 12:34:25,888] Пользователь: HLEB None id: 336462911 Открыл панель администратора
INFO     [2021-06-10 21:15:03,343] Пользователь: SASKEEEEE None id: 1020112009 Открыл панель администратора
INFO     [2021-06-10 21:15:04,823] id: 1020112009 Открыл меню загрузки Excel Файла
INFO     [2021-06-10 21:15:22,780] Пользователь: SASKEEEEE None id: 1020112009 Открыл панель администратора
INFO     [2021-06-10 21:16:11,833] Пользователь: SASKEEEEE None id: 1020112009 Открыл панель администратора
INFO     [2021-06-10 21:16:13,333] id: 1020112009 Открыл меню загрузки Excel Файла
INFO     [2021-06-10 21:16:41,296] Пользователь: SASKEEEEE None id: 1020112009 Открыл панель администратора
INFO     [2021-06-10 21:34:47,199] Пользователь: SASKEEEEE None id: 1020112009 Открыл панель администратора
ERROR    [2021-06-10 21:37:28,681] A request to the Telegram API was unsuccessful. Error code: 401. Description: Unauthorized
ERROR    [2021-06-10 21:37:29,035] A request to the Telegram API was unsuccessful. Error code: 401. Description: Unauthorized
ERROR    [2021-06-10 21:37:29,632] A request to the Telegram API was unsuccessful. Error code: 401. Description: Unauthorized
ERROR    [2021-06-10 21:37:30,735] A request to the Telegram API was unsuccessful. Error code: 401. Description: Unauthorized
ERROR    [2021-06-10 21:37:32,835] A request to the Telegram API was unsuccessful. Error code: 401. Description: Unauthorized
ERROR    [2021-06-10 21:37:36,939] A request to the Telegram API was unsuccessful. Error code: 401. Description: Unauthorized
ERROR    [2021-06-10 21:37:45,040] A request to the Telegram API was unsuccessful. Error code: 401. Description: Unauthorized
ERROR    [2021-06-10 21:38:01,139] A request to the Telegram API was unsuccessful. Error code: 401. Description: Unauthorized
INFO     [2021-06-10 21:48:37,135] Пользователь: SASKEEEEE None id: 1020112009 Открыл панель администратора
INFO     [2021-06-10 21:48:38,928] id: 1020112009 Открыл меню отправки Текста с изображением
INFO     [2021-06-10 21:48:42,210] Пользователь: SASKEEEEE None id: 1020112009 ввел неверную ссылку на изображение
INFO     [2021-06-10 21:48:42,210] Пользователь: SASKEEEEE None id: 1020112009 Открыл панель администратора
INFO     [2021-06-10 21:50:04,237] Пользователь: SASKEEEEE None id: 1020112009 Открыл панель администратора
INFO     [2021-06-10 21:50:06,088] id: 1020112009 Открыл меню отправки текста всем пользователям
INFO     [2021-06-10 21:50:24,369] Пользователь: SASKEEEEE None id: 1020112009 Открыл панель администратора
INFO     [2021-06-10 21:50:25,793] id: 1020112009 Открыл меню отправки текста всем пользователям
INFO     [2021-06-10 21:50:27,645] id: 1020112009 Ввел данные для отправки текста
INFO     [2021-06-10 21:51:53,469] Пользователь: SASKEEEEE None id: 1020112009 Открыл панель администратора
INFO     [2021-06-10 21:51:54,964] id: 1020112009 Открыл меню отправки текста всем пользователям
INFO     [2021-06-10 21:51:57,420] id: 1020112009 Ввел данные для отправки текста
INFO     [2021-06-10 21:52:00,074] Пользователь: SASKEEEEE None id: 1020112009 Открыл панель администратора
INFO     [2021-06-10 21:52:01,281] id: 1020112009 Открыл меню отправки Текста с изображением
INFO     [2021-06-10 21:52:02,944] Пользователь: SASKEEEEE None id: 1020112009 ввел неверную ссылку на изображение
INFO     [2021-06-10 21:52:02,945] Пользователь: SASKEEEEE None id: 1020112009 Открыл панель администратора
INFO     [2021-06-10 21:52:04,845] id: 1020112009 Открыл меню загрузки Excel-файла
INFO     [2021-06-11 12:49:56,810] Пользователь: Евгений Беляй id: 891282680 Открыл панель администратора
INFO     [2021-06-11 12:49:58,991] id: 891282680 Открыл меню отправки текста всем пользователям
INFO     [2021-06-11 12:50:02,366] id: 891282680 Ввел данные для отправки текста
INFO     [2021-06-11 12:50:13,230] Пользователь: Евгений Беляй id: 891282680 Открыл панель администратора
INFO     [2021-06-11 12:50:14,720] id: 891282680 Открыл меню отправки Текста с изображением
INFO     [2021-06-11 12:50:35,069] Пользователь: Евгений Беляй id: 891282680 ввел ссылку на изображение
INFO     [2021-06-11 12:52:28,249] Пользователь: Евгений Беляй id: 891282680 Открыл панель администратора
INFO     [2021-06-11 12:52:30,531] id: 891282680 Открыл меню отправки Текста с изображением
INFO     [2021-06-11 12:52:33,378] Пользователь: Евгений Беляй id: 891282680 ввел ссылку на изображение
INFO     [2021-06-11 12:52:38,216] id: 891282680 ввел текст (с изображением)
INFO     [2021-06-11 12:53:08,894] id: 891282680 Открыл меню отправки Текста с изображением
INFO     [2021-06-11 12:53:14,760] Пользователь: Евгений Беляй id: 891282680 ввел ссылку на изображение
INFO     [2021-06-11 12:53:23,579] id: 891282680 ввел текст (с изображением)
INFO     [2021-06-11 12:53:27,659] Пользователь: Гродненский колледж Бизнеса и Права None id: 891282680 Отправил избражение с текстом всем участникам
INFO     [2021-06-11 12:54:52,791] Пользователь: Евгений Беляй id: 891282680 Открыл панель администратора
INFO     [2021-06-11 12:57:20,180] Пользователь: Евгений Беляй id: 891282680 Открыл панель администратора
INFO     [2021-06-11 12:58:27,548] Пользователь: Anastasia Lintsevich id: 747537434 Открыл панель администратора
INFO     [2021-06-11 12:58:30,108] Пользователь: Евгений Беляй id: 891282680 Открыл панель администратора
INFO     [2021-06-11 12:58:35,945] id: 747537434 Открыл меню отправки текста всем пользователям
INFO     [2021-06-11 12:58:41,670] id: 747537434 Ввел данные для отправки текста
INFO     [2021-06-11 12:58:48,255] id: 747537434 Отправил текст всем участникам
INFO     [2021-06-11 12:58:58,935] id: 891282680 Открыл меню отправки Текста с изображением
INFO     [2021-06-11 12:58:59,031] Пользователь: Anastasia Lintsevich id: 747537434 Открыл панель администратора
INFO     [2021-06-11 12:59:03,284] id: 747537434 Открыл меню отправки Текста с изображением
INFO     [2021-06-11 12:59:04,410] id: 891282680 Открыл меню отправки Текста с изображением
INFO     [2021-06-11 12:59:14,600] Пользователь: Евгений Беляй id: 891282680 ввел неверную ссылку на изображение
INFO     [2021-06-11 12:59:14,600] Пользователь: Евгений Беляй id: 891282680 Открыл панель администратора
INFO     [2021-06-11 12:59:14,636] Пользователь: Евгений Беляй id: 891282680 ввел неверную ссылку на изображение
INFO     [2021-06-11 12:59:14,636] Пользователь: Евгений Беляй id: 891282680 Открыл панель администратора
INFO     [2021-06-11 12:59:18,847] Пользователь: Евгений Беляй id: 891282680 Открыл панель администратора
INFO     [2021-06-11 12:59:20,692] id: 891282680 Открыл меню отправки Текста с изображением
INFO     [2021-06-11 13:00:00,401] Пользователь: Anastasia Lintsevich id: 747537434 ввел ссылку на изображение
INFO     [2021-06-11 13:00:01,712] id: 747537434 ввел текст (с изображением)
INFO     [2021-06-11 13:00:04,848] Пользователь: Гродненский колледж Бизнеса и Права None id: 747537434 Отправил избражение с текстом всем участникам
INFO     [2021-06-11 13:00:28,546] Пользователь: Anastasia Lintsevich id: 747537434 Открыл панель администратора
INFO     [2021-06-11 13:02:07,186] Пользователь: Anastasia Lintsevich id: 747537434 Открыл панель администратора
INFO     [2021-06-11 13:02:09,336] id: 747537434 Открыл меню отправки текста всем пользователям
INFO     [2021-06-11 13:02:19,083] id: 747537434 Ввел данные для отправки текста
INFO     [2021-06-16 16:23:15,869] Пользователь: не не Негативный HLEB c avenue montaigne None id: 336462911 Открыл панель администратора
INFO     [2021-06-16 16:23:17,200] id: 336462911 Открыл меню отправки текста всем пользователям
INFO     [2021-06-16 16:23:19,696] id: 336462911 Ввел данные для отправки текста
INFO     [2021-06-16 16:23:21,256] id: 336462911 Отправил текст всем участникам
INFO     [2021-06-16 16:23:25,801] Пользователь: не не Негативный HLEB c avenue montaigne None id: 336462911 Открыл панель администратора
INFO     [2021-06-16 16:23:27,236] id: 336462911 Открыл меню отправки Текста с изображением
INFO     [2021-06-16 16:23:33,284] Пользователь: не не Негативный HLEB c avenue montaigne None id: 336462911 ввел неверную ссылку на изображение
INFO     [2021-06-16 16:23:33,284] Пользователь: не не Негативный HLEB c avenue montaigne None id: 336462911 Открыл панель администратора
INFO     [2021-06-16 16:23:45,983] id: 336462911 Открыл меню загрузки Excel-файла
INFO     [2021-06-17 12:46:28,117] Пользователь: avenue montaigne None id: 336462911 Открыл панель администратора
INFO     [2021-06-17 12:46:52,912] id: 336462911 Открыл меню отправки текста всем пользователям
INFO     [2021-06-17 12:47:43,232] id: 336462911 Ввел данные для отправки текста
INFO     [2021-06-17 12:48:08,243] id: 336462911 Отправил текст всем участникам
INFO     [2021-06-17 12:48:36,606] Пользователь: avenue montaigne None id: 336462911 Открыл панель администратора
INFO     [2021-06-17 12:48:38,757] id: 336462911 Открыл меню отправки текста всем пользователям
INFO     [2021-06-17 12:48:45,203] id: 336462911 Ввел данные для отправки текста
INFO     [2021-06-17 12:49:48,958] id: 336462911 Открыл меню отправки Текста с изображением
INFO     [2021-06-17 12:50:37,425] Пользователь: avenue montaigne None id: 336462911 ввел неверную ссылку на изображение
INFO     [2021-06-17 12:50:37,425] Пользователь: avenue montaigne None id: 336462911 Открыл панель администратора
INFO     [2021-06-17 12:52:01,185] id: 336462911 Открыл меню отправки Текста с изображением
INFO     [2021-06-17 12:53:14,562] Пользователь: avenue montaigne None id: 336462911 ввел ссылку на изображение
INFO     [2021-06-17 12:53:39,764] id: 336462911 ввел текст (с изображением)
INFO     [2021-06-17 12:54:10,973] Пользователь: Гродненский колледж Бизнеса и Права None id: 336462911 Отправил избражение с текстом всем участникам
INFO     [2021-06-17 12:54:33,879] Пользователь: avenue montaigne None id: 336462911 Открыл панель администратора
INFO     [2021-06-17 12:54:40,822] id: 336462911 Открыл меню отправки текста всем пользователям
INFO     [2021-06-17 12:54:42,689] id: 336462911 Ввел данные для отправки текста
INFO     [2021-06-17 12:55:40,560] id: 336462911 Открыл меню загрузки Excel-файла
INFO     [2021-06-17 12:57:41,740] Пользователь: avenue montaigne None id: 336462911 Открыл панель администратора
INFO     [2021-06-17 12:57:51,168] id: 336462911 Открыл меню загрузки Excel-файла
INFO     [2021-06-17 12:58:16,475] id: 336462911 Неудалось загрузить файл (Неверный формат / Не Excel файл)
INFO     [2021-06-17 12:58:16,607] Пользователь: avenue montaigne None id: 336462911 Открыл панель администратора
INFO     [2021-06-17 12:59:55,806] id: 336462911 Открыл меню загрузки Excel-файла
INFO     [2021-06-17 13:00:08,304] id: 336462911 обновил Excel Файл
INFO     [2021-06-17 13:00:08,532] Пользователь: avenue montaigne None id: 336462911 Открыл панель администратора
INFO     [2021-06-24 13:56:06,123] Пользователь: Глеб None id: 907745254 Открыл панель администратора
INFO     [2021-06-24 13:56:18,230] id: 907745254 Открыл меню отправки текста всем пользователям
INFO     [2021-06-24 13:56:38,213] id: 907745254 Ввел данные для отправки текста
INFO     [2021-06-24 13:56:46,187] id: 907745254 Отправил текст всем участникам
INFO     [2021-06-24 13:56:57,660] Пользователь: Глеб None id: 907745254 Открыл панель администратора
INFO     [2021-06-24 13:56:58,961] id: 907745254 Открыл меню отправки Текста с изображением
INFO     [2021-06-24 13:57:29,321] Пользователь: Глеб None id: 907745254 ввел неверную ссылку на изображение
INFO     [2021-06-24 13:57:29,323] Пользователь: Глеб None id: 907745254 Открыл панель администратора
INFO     [2021-06-24 13:57:32,230] id: 907745254 Открыл меню отправки Текста с изображением
INFO     [2021-06-24 13:57:37,902] Пользователь: Глеб None id: 907745254 ввел неверную ссылку на изображение
INFO     [2021-06-24 13:57:37,902] Пользователь: Глеб None id: 907745254 Открыл панель администратора
INFO     [2021-06-24 13:57:49,387] id: 907745254 Открыл меню отправки Текста с изображением
INFO     [2021-06-24 13:57:50,709] Пользователь: Глеб None id: 907745254 ввел ссылку на изображение
INFO     [2021-06-24 13:58:07,761] Пользователь: Глеб None id: 907745254 Открыл панель администратора
INFO     [2021-06-24 13:58:08,861] id: 907745254 Открыл меню отправки Текста с изображением
INFO     [2021-06-24 13:58:19,786] Пользователь: Глеб None id: 907745254 ввел ссылку на изображение
INFO     [2021-06-24 13:58:23,731] id: 907745254 ввел текст (с изображением)
INFO     [2021-06-24 13:58:31,003] Пользователь: Гродненский колледж Бизнеса и Права None id: 907745254 Отправил избражение с текстом всем участникам
INFO     [2021-06-24 13:58:35,068] Пользователь: Глеб None id: 907745254 Открыл панель администратора
INFO     [2021-06-24 13:58:36,740] id: 907745254 Открыл меню загрузки Excel-файла
INFO     [2021-06-24 14:00:18,356] id: 907745254 обновил Excel Файл
INFO     [2021-06-24 14:00:18,585] Пользователь: Глеб None id: 907745254 Открыл панель администратора
